0 info it worked if it ends with ok
1 verbose cli [ 'D:\\Program Files\\nodejs\\\\node.exe',
1 verbose cli   'D:\\Program Files\\nodejs\\node_modules\\npm\\bin\\npm-cli.js',
1 verbose cli   'install',
1 verbose cli   'debugger',
1 verbose cli   '--save' ]
2 info using npm@2.11.2
3 info using node@v0.12.5
4 verbose install initial load of D:\Sites\Tutorials\chat\package.json
5 warn package.json chat@1.0.0 No description
6 warn package.json chat@1.0.0 No repository field.
7 warn package.json chat@1.0.0 No README data
8 verbose installManyTop reading scoped package data from D:\Sites\Tutorials\chat\node_modules\mongodb\package.json
9 verbose installManyTop reading scoped package data from D:\Sites\Tutorials\chat\node_modules\socket.io\package.json
10 info package.json socket.io@1.3.6 No license field.
11 verbose readDependencies loading dependencies from D:\Sites\Tutorials\chat\package.json
12 silly cache add args [ 'debugger', null ]
13 verbose cache add spec debugger
14 silly cache add parsed spec { raw: 'debugger',
14 silly cache add   scope: null,
14 silly cache add   name: 'debugger',
14 silly cache add   rawSpec: '',
14 silly cache add   spec: '*',
14 silly cache add   type: 'range' }
15 silly addNamed debugger@*
16 verbose addNamed "*" is a valid semver range for debugger
17 silly addNameRange { name: 'debugger', range: '*', hasData: false }
18 silly mapToRegistry name debugger
19 silly mapToRegistry using default registry
20 silly mapToRegistry registry https://registry.npmjs.org/
21 silly mapToRegistry uri https://registry.npmjs.org/debugger
22 verbose addNameRange registry:https://registry.npmjs.org/debugger not in flight; fetching
23 verbose request uri https://registry.npmjs.org/debugger
24 verbose request no auth needed
25 info attempt registry request try #1 at 11:18:40 AM
26 verbose request id 2ef18c598c194d2c
27 http request GET https://registry.npmjs.org/debugger
28 http 200 https://registry.npmjs.org/debugger
29 silly get cb [ 200,
29 silly get   { server: 'CouchDB/1.5.0 (Erlang OTP/R16B03)',
29 silly get     etag: '"8XG04L4VDTU08D0F1ZOLYX4H"',
29 silly get     'content-type': 'application/json',
29 silly get     'cache-control': 'max-age=60',
29 silly get     'content-length': '1312',
29 silly get     'accept-ranges': 'bytes',
29 silly get     date: 'Tue, 04 Aug 2015 18:18:42 GMT',
29 silly get     via: '1.1 varnish',
29 silly get     age: '0',
29 silly get     connection: 'keep-alive',
29 silly get     'x-served-by': 'cache-lax1425-LAX',
29 silly get     'x-cache': 'MISS',
29 silly get     'x-cache-hits': '0',
29 silly get     'x-timer': 'S1438712322.024021,VS0,VE190',
29 silly get     vary: 'Accept' } ]
30 verbose get saving debugger to C:\Users\Joey\AppData\Roaming\npm-cache\registry.npmjs.org\debugger\.cache.json
31 silly addNameRange number 2 { name: 'debugger', range: '*', hasData: true }
32 silly addNameRange versions [ 'debugger', [ '0.0.1' ] ]
33 silly addNamed debugger@0.0.1
34 verbose addNamed "0.0.1" is a plain semver version for debugger
35 silly mapToRegistry name debugger
36 silly mapToRegistry using default registry
37 silly mapToRegistry registry https://registry.npmjs.org/
38 silly mapToRegistry uri https://registry.npmjs.org/debugger
39 verbose addRemoteTarball https://registry.npmjs.org/debugger/-/debugger-0.0.1.tgz not in flight; adding
40 verbose addRemoteTarball [ 'https://registry.npmjs.org/debugger/-/debugger-0.0.1.tgz',
40 verbose addRemoteTarball   'ceedd094bb5e203bb534fd74a33132dfb7a73787' ]
41 info retry fetch attempt 1 at 11:18:40 AM
42 info attempt registry request try #1 at 11:18:40 AM
43 http fetch GET https://registry.npmjs.org/debugger/-/debugger-0.0.1.tgz
44 http fetch 200 https://registry.npmjs.org/debugger/-/debugger-0.0.1.tgz
45 silly fetchAndShaCheck shasum ceedd094bb5e203bb534fd74a33132dfb7a73787
46 verbose addTmpTarball C:\Users\Joey\AppData\Local\Temp\npm-6468-35888046\registry.npmjs.org\debugger\-\debugger-0.0.1.tgz not in flight; adding
47 verbose addTmpTarball already have metadata; skipping unpack for debugger@0.0.1
48 silly cache afterAdd debugger@0.0.1
49 verbose afterAdd C:\Users\Joey\AppData\Roaming\npm-cache\debugger\0.0.1\package\package.json not in flight; writing
50 verbose afterAdd C:\Users\Joey\AppData\Roaming\npm-cache\debugger\0.0.1\package\package.json written
51 silly install resolved [ { name: 'debugger',
51 silly install resolved     version: '0.0.1',
51 silly install resolved     author: { name: 'Camilo Aguilar - http://github.com/c4milo' },
51 silly install resolved     email: 'camilo@cloudescape.com',
51 silly install resolved     description: 'v8 debug bindings for nodejs',
51 silly install resolved     repositories: [ [Object] ],
51 silly install resolved     devDependencies: { mocha: '0.14.1', should: '0.6.0' },
51 silly install resolved     scripts: { install: 'make' },
51 silly install resolved     main: './debugger.node',
51 silly install resolved     _npmUser: { name: 'c4milo', email: 'camilo.aguilar@gmail.com' },
51 silly install resolved     _id: 'debugger@0.0.1',
51 silly install resolved     dependencies: {},
51 silly install resolved     optionalDependencies: {},
51 silly install resolved     engines: { node: '*' },
51 silly install resolved     _engineSupported: true,
51 silly install resolved     _npmVersion: '1.1.12',
51 silly install resolved     _nodeVersion: 'v0.6.14',
51 silly install resolved     _defaultsLoaded: true,
51 silly install resolved     dist:
51 silly install resolved      { shasum: 'ceedd094bb5e203bb534fd74a33132dfb7a73787',
51 silly install resolved        tarball: 'http://registry.npmjs.org/debugger/-/debugger-0.0.1.tgz' },
51 silly install resolved     maintainers: [ [Object] ],
51 silly install resolved     directories: {},
51 silly install resolved     _shasum: 'ceedd094bb5e203bb534fd74a33132dfb7a73787',
51 silly install resolved     _resolved: 'https://registry.npmjs.org/debugger/-/debugger-0.0.1.tgz',
51 silly install resolved     _from: 'debugger@*' } ]
52 info install debugger@0.0.1 into D:\Sites\Tutorials\chat
53 info installOne debugger@0.0.1
54 verbose installOne of debugger to D:\Sites\Tutorials\chat not in flight; installing
55 verbose lock using C:\Users\Joey\AppData\Roaming\npm-cache\_locks\debugger-9c74b9fd8219726f.lock for D:\Sites\Tutorials\chat\node_modules\debugger
56 silly install write writing debugger 0.0.1 to D:\Sites\Tutorials\chat\node_modules\debugger
57 verbose unbuild node_modules\debugger
58 silly gentlyRm D:\Sites\Tutorials\chat\node_modules\debugger is being purged from base D:\Sites\Tutorials\chat
59 verbose gentlyRm don't care about contents; nuking D:\Sites\Tutorials\chat\node_modules\debugger
60 verbose tar unpack C:\Users\Joey\AppData\Roaming\npm-cache\debugger\0.0.1\package.tgz
61 verbose tar unpacking to D:\Sites\Tutorials\chat\node_modules\debugger
62 silly gentlyRm D:\Sites\Tutorials\chat\node_modules\debugger is being purged
63 verbose gentlyRm don't care about contents; nuking D:\Sites\Tutorials\chat\node_modules\debugger
64 silly gunzTarPerm modes [ '777', '666' ]
65 silly gunzTarPerm extractEntry .npmignore
66 silly gunzTarPerm modified mode [ '.npmignore', 420, 438 ]
67 silly gunzTarPerm extractEntry debugger.js
68 silly gunzTarPerm modified mode [ 'debugger.js', 420, 438 ]
69 silly gunzTarPerm extractEntry Makefile
70 silly gunzTarPerm modified mode [ 'Makefile', 420, 438 ]
71 silly gunzTarPerm extractEntry package.json
72 silly gunzTarPerm modified mode [ 'package.json', 420, 438 ]
73 silly gunzTarPerm extractEntry README.md
74 silly gunzTarPerm modified mode [ 'README.md', 420, 438 ]
75 silly gunzTarPerm extractEntry spec/
76 silly gunzTarPerm modified mode [ 'spec/', 493, 511 ]
77 silly gunzTarPerm extractEntry spec/debugger.spec.js
78 silly gunzTarPerm modified mode [ 'spec/debugger.spec.js', 420, 438 ]
79 silly gunzTarPerm extractEntry src/
80 silly gunzTarPerm modified mode [ 'src/', 493, 511 ]
81 silly gunzTarPerm extractEntry src/bindings.cc
82 silly gunzTarPerm modified mode [ 'src/bindings.cc', 420, 438 ]
83 silly gunzTarPerm extractEntry src/debugger.cc
84 silly gunzTarPerm modified mode [ 'src/debugger.cc', 420, 438 ]
85 silly gunzTarPerm extractEntry src/debugger.h
86 silly gunzTarPerm modified mode [ 'src/debugger.h', 420, 438 ]
87 silly gunzTarPerm extractEntry src/wscript
88 silly gunzTarPerm modified mode [ 'src/wscript', 420, 438 ]
89 silly gunzTarPerm extractEntry wscript
90 silly gunzTarPerm modified mode [ 'wscript', 420, 438 ]
91 verbose write writing to D:\Sites\Tutorials\chat\node_modules\debugger\package.json
92 info preinstall debugger@0.0.1
93 verbose readDependencies loading dependencies from D:\Sites\Tutorials\chat\node_modules\debugger\package.json
94 verbose readDependencies loading dependencies from D:\Sites\Tutorials\chat\node_modules\debugger\package.json
95 silly install resolved []
96 verbose about to build D:\Sites\Tutorials\chat\node_modules\debugger
97 info build D:\Sites\Tutorials\chat\node_modules\debugger
98 info linkStuff debugger@0.0.1
99 silly linkStuff debugger@0.0.1 has D:\Sites\Tutorials\chat\node_modules as its parent node_modules
100 verbose linkBins debugger@0.0.1
101 verbose linkMans debugger@0.0.1
102 verbose rebuildBundles debugger@0.0.1
103 info install debugger@0.0.1
104 verbose unsafe-perm in lifecycle true
105 info debugger@0.0.1 Failed to exec install script
106 verbose unlock done using C:\Users\Joey\AppData\Roaming\npm-cache\_locks\debugger-9c74b9fd8219726f.lock for D:\Sites\Tutorials\chat\node_modules\debugger
107 verbose stack Error: debugger@0.0.1 install: `make`
107 verbose stack Exit status 1
107 verbose stack     at EventEmitter.<anonymous> (D:\Program Files\nodejs\node_modules\npm\lib\utils\lifecycle.js:213:16)
107 verbose stack     at EventEmitter.emit (events.js:110:17)
107 verbose stack     at ChildProcess.<anonymous> (D:\Program Files\nodejs\node_modules\npm\lib\utils\spawn.js:24:14)
107 verbose stack     at ChildProcess.emit (events.js:110:17)
107 verbose stack     at maybeClose (child_process.js:1015:16)
107 verbose stack     at Process.ChildProcess._handle.onexit (child_process.js:1087:5)
108 verbose pkgid debugger@0.0.1
109 verbose cwd D:\Sites\Tutorials\chat
110 error Windows_NT 6.3.9600
111 error argv "D:\\Program Files\\nodejs\\\\node.exe" "D:\\Program Files\\nodejs\\node_modules\\npm\\bin\\npm-cli.js" "install" "debugger" "--save"
112 error node v0.12.5
113 error npm  v2.11.2
114 error code ELIFECYCLE
115 error debugger@0.0.1 install: `make`
115 error Exit status 1
116 error Failed at the debugger@0.0.1 install script 'make'.
116 error This is most likely a problem with the debugger package,
116 error not with npm itself.
116 error Tell the author that this fails on your system:
116 error     make
116 error You can get their info via:
116 error     npm owner ls debugger
116 error There is likely additional logging output above.
117 verbose exit [ 1, true ]
118 verbose unbuild node_modules\debugger
119 info preuninstall debugger@0.0.1
120 info uninstall debugger@0.0.1
121 verbose unbuild rmStuff debugger@0.0.1 from D:\Sites\Tutorials\chat\node_modules
122 info postuninstall debugger@0.0.1
123 silly gentlyRm D:\Sites\Tutorials\chat\node_modules\debugger is being purged from base D:\Sites\Tutorials\chat
124 verbose gentlyRm don't care about contents; nuking D:\Sites\Tutorials\chat\node_modules\debugger
125 silly vacuum-fs purging D:\Sites\Tutorials\chat\node_modules\debugger
126 silly vacuum-fs quitting because other entries in D:\Sites\Tutorials\chat\node_modules
